[START] job=carscrapper attempt=1
cmd=python3 scripts/carscrapper.py

Comenzando Proceso
<selenium.webdriver.chrome.options.Options object at 0x11c93c410>
1 toyota https://www.brunofritsch.cl/toyota
TOYOTA RAIZE 1.2 I MT 25PC 1
----------------------------------------------------------------------------------------------------
TOYOTA RAIZE 1.2 E MT 25PC 1
----------------------------------------------------------------------------------------------------
TOYOTA RAIZE 1.2 E CVT 25PC 1
----------------------------------------------------------------------------------------------------
TOYOTA RAIZE 1.2 G CVT 25PC 1
----------------------------------------------------------------------------------------------------
TOYOTA YARIS SEDÁN I MT 1
----------------------------------------------------------------------------------------------------
TOYOTA YARIS SEDÁN E MT 1
----------------------------------------------------------------------------------------------------
TOYOTA YARIS SEDÁN E CVT 1
----------------------------------------------------------------------------------------------------
TOYOTA YARIS CROSS HYBRID XI 1.5 HEV CVT 1
----------------------------------------------------------------------------------------------------
TOYOTA COROLLA HYBRID XLI HV 1.8 CVT 1
----------------------------------------------------------------------------------------------------
TOYOTA COROLLA HYBRID XEI HV 1.8 CVT DCM 1
----------------------------------------------------------------------------------------------------
TOYOTA COROLLA HYBRID SEG HV 1.8 CVT 1
----------------------------------------------------------------------------------------------------
TOYOTA COROLLA HYBRID SEG HV 1.8 CVT 1
----------------------------------------------------------------------------------------------------
TOYOTA RAV4 LE 2.0 4x2 CVT 1
----------------------------------------------------------------------------------------------------
TOYOTA RAV4 XLE 2.0 4x2 CVT Safety Sense 1
----------------------------------------------------------------------------------------------------
TOYOTA RAV4 XLE 2.5 4x2 CVT SS 1
----------------------------------------------------------------------------------------------------
TOYOTA RAV4 XSE 2.5 4x2 CVT HV 1
----------------------------------------------------------------------------------------------------
TOYOTA RAV4 LTD 2.5 4x4 CVT CP/BSM 1
----------------------------------------------------------------------------------------------------
TOYOTA COROLLA CROSS HYBRID XEI 1.8 HEV-24PC 1
----------------------------------------------------------------------------------------------------
TOYOTA COROLLA CROSS HYBRID SEG 1.8 HEV 24PC 1
----------------------------------------------------------------------------------------------------
TOYOTA RAV4 HYBRID XLE 2.5 4x2 CVT SS 1
----------------------------------------------------------------------------------------------------
TOYOTA RAV4 HYBRID XSE 2.5 4x2 CVT HV 1
----------------------------------------------------------------------------------------------------
TOYOTA RAV4 HYBRID LTD 2.5 4x4 CVT CP/BSM 1
----------------------------------------------------------------------------------------------------
TOYOTA HILUX 4X2 2.4 MT SR Euro VI 1
----------------------------------------------------------------------------------------------------
TOYOTA HILUX 4X2 2.4 MT DX Euro VI 1
----------------------------------------------------------------------------------------------------
TOYOTA HILUX 4x4 2.4 MT DX Euro VI 1
----------------------------------------------------------------------------------------------------
TOYOTA HILUX 4X2 2.4 MT DX TS Euro VI 1
----------------------------------------------------------------------------------------------------
TOYOTA HILUX 4X4 2.4 MT SR Euro VI 1
----------------------------------------------------------------------------------------------------
TOYOTA HILUX 4X4 2.4 MT DX TS Euro VI 1
----------------------------------------------------------------------------------------------------
TOYOTA HILUX 4X4 2.8 MT SR Euro VI 1
----------------------------------------------------------------------------------------------------
TOYOTA HILUX 4X4 2.8 AT SRV Euro VI 1
----------------------------------------------------------------------------------------------------
TOYOTA FORTUNER SR5 4X4 2.8 MT Euro VI 1
----------------------------------------------------------------------------------------------------
TOYOTA FORTUNER SR5 4x4 2.8 AT Euro VI 1
----------------------------------------------------------------------------------------------------
TOYOTA FORTUNER SRX 2.8 TA 4x4 DCM 1
----------------------------------------------------------------------------------------------------
TOYOTA 4RUNNER SR5 2.4 4x4 1
----------------------------------------------------------------------------------------------------
TOYOTA 4RUNNER LTD 2.4 4x4 1
----------------------------------------------------------------------------------------------------
TOYOTA FORTUNER GR-S GRS Euro VI 1
----------------------------------------------------------------------------------------------------
TOYOTA HILUX GR-S GR-S DCM 1
----------------------------------------------------------------------------------------------------
TOYOTA GR YARIS 1.6 Turbo AWD 6MT 1
----------------------------------------------------------------------------------------------------
TOYOTA GR YARIS 1.6 Turbo AWD 8AT 1
----------------------------------------------------------------------------------------------------
TOYOTA LAND CRUISER PRADO WX Adventure 2.8 1
----------------------------------------------------------------------------------------------------
TOYOTA LAND CRUISER PRADO VX-L 2.8 25PC 1
----------------------------------------------------------------------------------------------------
2 nissan https://www.brunofritsch.cl/nissan
NISSAN VERSA Sense MT CF 2
----------------------------------------------------------------------------------------------------
NISSAN VERSA Advance MT CF 2
----------------------------------------------------------------------------------------------------
NISSAN VERSA MC Sense CVT CF 2
----------------------------------------------------------------------------------------------------
NISSAN VERSA Exclusive CVT CF 2
----------------------------------------------------------------------------------------------------
NISSAN SENTRA Advance CVT CF 2
----------------------------------------------------------------------------------------------------
NISSAN SENTRA Exclusive CVT CF 2
----------------------------------------------------------------------------------------------------
NISSAN QASHQAI Advance MT 2WD 2
----------------------------------------------------------------------------------------------------
NISSAN QASHQAI Advance CVT 2WD 2
----------------------------------------------------------------------------------------------------
NISSAN QASHQAI Advance CVT Plus 2WD 2
----------------------------------------------------------------------------------------------------
NISSAN QASHQAI Exclusive CVT 4WD 2
----------------------------------------------------------------------------------------------------
NISSAN KICKS Sense Plus CVT 2
----------------------------------------------------------------------------------------------------
NISSAN KICKS Exclusive CVT 2
----------------------------------------------------------------------------------------------------
NISSAN X-TRAIL Sense CVT 2Row 2
----------------------------------------------------------------------------------------------------
NISSAN X-TRAIL Sense CVT 3Row 2
----------------------------------------------------------------------------------------------------
NISSAN X-TRAIL Advance CVT 3Row 2
----------------------------------------------------------------------------------------------------
NISSAN X-TRAIL Exclusive CVT 3Row AWD 2
----------------------------------------------------------------------------------------------------
NISSAN X-TRAIL E-POWER Exclusive AWD 2
----------------------------------------------------------------------------------------------------
NISSAN X-TRAIL E-POWER Advance 3Row AWD 2
----------------------------------------------------------------------------------------------------
NISSAN PATHFINDER Advance 4WD 2
----------------------------------------------------------------------------------------------------
3 peugeot https://www.brunofritsch.cl/peugeot
PEUGEOT 208 MCA Style Gasolina 75HP MT 3
----------------------------------------------------------------------------------------------------
PEUGEOT 208 MCA Style Gasolina 100HP MT 3
----------------------------------------------------------------------------------------------------
PEUGEOT 208 MCA Active Gasolina 100HP MT 3
----------------------------------------------------------------------------------------------------
PEUGEOT 2008 MCA Style Gasolina 130HP MT 3
----------------------------------------------------------------------------------------------------
PEUGEOT 2008 MCA Allure Gasolina 130HP MT 3
----------------------------------------------------------------------------------------------------
PEUGEOT 208 MHEV MCA Allure Hybrid 136HP AT 3
----------------------------------------------------------------------------------------------------
PEUGEOT 308 Allure Pack Gasolina 130hp AT 3
----------------------------------------------------------------------------------------------------
PEUGEOT 308 GT Gasolina 130HP AT 3
----------------------------------------------------------------------------------------------------
PEUGEOT 308 Allure Hybrid 136HP AT 3
----------------------------------------------------------------------------------------------------
PEUGEOT 3008 Active Pack Gasolina 130HP MT 3
----------------------------------------------------------------------------------------------------
PEUGEOT RIFTER MCA Allure Gasolina 130HP AT 3
----------------------------------------------------------------------------------------------------
PEUGEOT RIFTER MCA Allure Diesel 100HP MT 3
----------------------------------------------------------------------------------------------------
PEUGEOT RIFTER MCA Allure Diesel 130HP AT 3
----------------------------------------------------------------------------------------------------
PEUGEOT 2008 MHEV MCA Style Hybrid 136HP AT 3
----------------------------------------------------------------------------------------------------
PEUGEOT 2008 MHEV MCA Allure Hybrid 136HP AT 3
----------------------------------------------------------------------------------------------------
PEUGEOT 2008 MHEV MCA GT Hybrid 136HP AT 3
----------------------------------------------------------------------------------------------------
PEUGEOT PARTNER MCA L1 Diesel 100HP MT 3
----------------------------------------------------------------------------------------------------
PEUGEOT PARTNER MCA L2 Diesel 100HP MT 3
----------------------------------------------------------------------------------------------------
PEUGEOT 208 EV MCA GT Electric 3
----------------------------------------------------------------------------------------------------
PEUGEOT 308 HÍBRIDO Allure Hybrid 136HP AT 3
----------------------------------------------------------------------------------------------------
PEUGEOT 308 HÍBRIDO GT Hybrid 136HP AT 3
----------------------------------------------------------------------------------------------------
PEUGEOT E-2008 MCA GT Electric 3
----------------------------------------------------------------------------------------------------
PEUGEOT 3008 MHEV Allure Hybrid 136HP AT 3
----------------------------------------------------------------------------------------------------
PEUGEOT 3008 MHEV Premiere Hybrid 136HP AT 3
----------------------------------------------------------------------------------------------------
PEUGEOT 3008 MHEV GT Hybrid 136HP AT 3
----------------------------------------------------------------------------------------------------
PEUGEOT EXPERT MCA L3 Diesel 145HP MT 3
----------------------------------------------------------------------------------------------------
PEUGEOT 5008 MHEV Allure Hybrid 136HP AT 3
----------------------------------------------------------------------------------------------------
PEUGEOT 5008 MHEV GT Hybrid 136HP AT 3
----------------------------------------------------------------------------------------------------
PEUGEOT LANDTREK MCA Action4 Diesel 200HP 4x4 AT 3
----------------------------------------------------------------------------------------------------
PEUGEOT BOXER FURGÓN MCA L2H2 Diesel 140HP MT 3
----------------------------------------------------------------------------------------------------
PEUGEOT BOXER FURGÓN MCA L3H2 Diesel 140HP MT 3
----------------------------------------------------------------------------------------------------
PEUGEOT BOXER FURGÓN MCA L4H2 Diesel 140 HP MT 3
----------------------------------------------------------------------------------------------------
PEUGEOT TRAVELLER MCA L3 8P Diesel 180HP AT 3
----------------------------------------------------------------------------------------------------
PEUGEOT TRAVELLER MCA L3 9P Diesel 180HP AT 3
----------------------------------------------------------------------------------------------------
4 citroen https://www.brunofritsch.cl/citroen
CITROEN C3 Live Pack Gasolina 82HP MT 4
----------------------------------------------------------------------------------------------------
CITROEN C3 Feel Gasolina 82HP MT 4
----------------------------------------------------------------------------------------------------
CITROEN C3 Feel Gasolina 115HP AT 4
----------------------------------------------------------------------------------------------------
CITROËN C3 You! Turbo 125HP AT 4
----------------------------------------------------------------------------------------------------
CITROEN C3 AIRCROSS Feel Pack 5P Gasolina 115HP MT 4
----------------------------------------------------------------------------------------------------
CITROEN C3 AIRCROSS Shine 5P Gasolina 115HP MT 4
----------------------------------------------------------------------------------------------------
CITROEN C3 AIRCROSS Feel Pack 7P Gasolina 115HP MT 4
----------------------------------------------------------------------------------------------------
CITROEN C3 AIRCROSS Shine 5P Turbo 125HP AT 4
----------------------------------------------------------------------------------------------------
CITROEN C3 AIRCROSS Shine 7P Turbo 125HP AT 4
----------------------------------------------------------------------------------------------------
CITROËN BASALT Shine Turbo 125HP AT 4
----------------------------------------------------------------------------------------------------
CITROEN BERLINGO FURGÓN MCA M Diesel 100HP MT 4
----------------------------------------------------------------------------------------------------
CITROEN BERLINGO FURGÓN MCA XL Diesel 100HP MT 4
----------------------------------------------------------------------------------------------------
CITROEN BERLINGO Multispace MCA Plus XL Diesel 100HP MT 4
----------------------------------------------------------------------------------------------------
CITROEN BERLINGO Multispace MCA Plus XL Diesel 130HP AT 4
----------------------------------------------------------------------------------------------------
CITROËN C4 MHEV Plus Hybrid 136HP AT 4
----------------------------------------------------------------------------------------------------
CITROËN C4 MHEV Max Hybrid 136HP AT 4
----------------------------------------------------------------------------------------------------
CITROEN C5 AIRCROSS Feel Pack Diesel 130HP AT 4
----------------------------------------------------------------------------------------------------
CITROEN C5 AIRCROSS BlueHDi 130 EAT8 Feel 4
----------------------------------------------------------------------------------------------------
CITROEN C5 AIRCROSS Shine Diesel 130HP AT 4
----------------------------------------------------------------------------------------------------
CITROEN C5 AIRCROSS Plug-In 225 EAT8 Shine 4
----------------------------------------------------------------------------------------------------
CITROEN Ë-BERLINGO M Electric 4
----------------------------------------------------------------------------------------------------
CITROËN JUMPY MCA XL Diesel 145HP MT 4
----------------------------------------------------------------------------------------------------
CITRÖEN JUMPER L2H2 Diesel 140HP MT 4
----------------------------------------------------------------------------------------------------
CITRÖEN JUMPER L3H2 Diesel 140HP MT 4
----------------------------------------------------------------------------------------------------
CITRÖEN JUMPER L4H2 Diesel 140HP MT 4
----------------------------------------------------------------------------------------------------
CITROËN SPACETOURER MCA 8P Diesel 180HP AT 4
----------------------------------------------------------------------------------------------------
CITROËN SPACETOURER MCA 9P Diesel 180HP AT 4
----------------------------------------------------------------------------------------------------
CITROEN C5 AIRCROSS HYBRID Plug-In 225 EAT8 Shine 4
----------------------------------------------------------------------------------------------------
5 ram https://www.brunofritsch.cl/ram
RAM 700 SLT CS 1.3 5
----------------------------------------------------------------------------------------------------
RAM 700 SLT CD 1.3 5
----------------------------------------------------------------------------------------------------
RAM 700 Big Horn CD 1.3 5
----------------------------------------------------------------------------------------------------
RAM 700 Big Horn CD 1.3 CVT 5
----------------------------------------------------------------------------------------------------
RAM 700 Laramie CVT 1.0T 5
----------------------------------------------------------------------------------------------------
RAM V700 RAPID 1.4L ST AA 5
----------------------------------------------------------------------------------------------------
RAM RAMPAGE Big Horn 2.0 5
----------------------------------------------------------------------------------------------------
RAM. RAMPAGE Big Horn 2.2L 5
----------------------------------------------------------------------------------------------------
RAM RAMPAGE Laramie 2.0 5
----------------------------------------------------------------------------------------------------
RAM. RAMPAGE Laramie 2.2L 5
----------------------------------------------------------------------------------------------------
RAM RAMPAGE R/T 2.0 5
----------------------------------------------------------------------------------------------------
RAM 1500 Big Horn 3.6 Crew Cab 5
----------------------------------------------------------------------------------------------------
RAM 1500 Rebel 3.0 5
----------------------------------------------------------------------------------------------------
RAM 1500 Laramie Crew Cab 4x4 3.0L 5
----------------------------------------------------------------------------------------------------
RAM 2500 Big Horn Crew Cab 5
----------------------------------------------------------------------------------------------------
RAM 2500 Laramie 6.7 Crew Cab 5
----------------------------------------------------------------------------------------------------
6 chery https://www.brunofritsch.cl/chery
CHERY TIGGO 2 PRO 1.5 MT GLS 6
----------------------------------------------------------------------------------------------------
CHERY TIGGO 2 PRO GLS MT Limited 6
----------------------------------------------------------------------------------------------------
CHERY TIGGO 2 PRO MAX GL MT 6
----------------------------------------------------------------------------------------------------
CHERY TIGGO 2 PRO MAX GLX MT 6
----------------------------------------------------------------------------------------------------
CHERY TIGGO 2 PRO MAX GL CVT 6
----------------------------------------------------------------------------------------------------
CHERY TIGGO 2 PRO MAX GLX CVT 6
----------------------------------------------------------------------------------------------------
CHERY TIGGO 3 PRO GLX MT 6
----------------------------------------------------------------------------------------------------
CHERY TIGGO 3 PRO GLS CVT 6
----------------------------------------------------------------------------------------------------
CHERY TIGGO 4 PRO MAX 1.5 MT GLS 6
----------------------------------------------------------------------------------------------------
CHERY TIGGO 7 LIMITED 1.5T CVT Limited 6
----------------------------------------------------------------------------------------------------
CHERY TIGGO 7 PRO MAX 1.5T CVT Limited 6
----------------------------------------------------------------------------------------------------
CHERY TIGGO 7 PRO MAX 1.5T CVT GLS 6
----------------------------------------------------------------------------------------------------
CHERY TIGGO 7 PRO MAX 1.5T CVT GLX 6
----------------------------------------------------------------------------------------------------
CHERY TIGGO 7 PRO MAX 1.5T DHT PHEV 6
----------------------------------------------------------------------------------------------------
CHERY HIMLA 2.3T MT 4x2 6
----------------------------------------------------------------------------------------------------
CHERY HIMLA 2.3T MT 4x4 6
----------------------------------------------------------------------------------------------------
CHERY HIMLA 2.3T AT 4x4 6
----------------------------------------------------------------------------------------------------
CHERY TIGGO 8 PRO MAX GLS DCT 6
----------------------------------------------------------------------------------------------------
CHERY TIGGO 8 PRO MAX GLX DCT 6
----------------------------------------------------------------------------------------------------
CHERY TIGGO 8 PRO MAX GLX DCT AWD 6
----------------------------------------------------------------------------------------------------
CHERY TIGGO 7 PRO MAX PHEV 1.5T DHT PHEV 6
----------------------------------------------------------------------------------------------------
CHERY TIGGO 9 2.0T AT GLX AWD 6
----------------------------------------------------------------------------------------------------
CHERY TIGGO 8 PRO MAX PHEV PHEV 6
----------------------------------------------------------------------------------------------------
7 mg https://www.brunofritsch.cl/mg
NEW MG 5 1.5L MT STD 7
----------------------------------------------------------------------------------------------------
NEW MG 5 1.5L MT COM 7
----------------------------------------------------------------------------------------------------
NEW MG 5 1.5L CVT COM 7
----------------------------------------------------------------------------------------------------
NEW MG 5 1.5L CVT DLX 7
----------------------------------------------------------------------------------------------------
MG ZX 1.5L MT COM E6C 7
----------------------------------------------------------------------------------------------------
MG ZX 1.5L MT DLX E6C 7
----------------------------------------------------------------------------------------------------
MG ZX 1.5L CVT COM 7
----------------------------------------------------------------------------------------------------
MG ZX 1.5L CVT DLX 7
----------------------------------------------------------------------------------------------------
MG 3 1.5L MT COM 7
----------------------------------------------------------------------------------------------------
MG 3 1.5L CVT COM 7
----------------------------------------------------------------------------------------------------
MG 3 1.5L CVT DLX 7
----------------------------------------------------------------------------------------------------
MG 3 1.5L HEV CVT COM 7
----------------------------------------------------------------------------------------------------
MG GT 1.5L MT COM 7
----------------------------------------------------------------------------------------------------
MG GT 1.5L CVT COM 7
----------------------------------------------------------------------------------------------------
MG GT 1.5T DCT DLX 7
----------------------------------------------------------------------------------------------------
MG ZS 1.5L MT STD 7
----------------------------------------------------------------------------------------------------
MG ZS 1.5L CVT STD 7
----------------------------------------------------------------------------------------------------
MG ZS 1.5L MT COM 7
----------------------------------------------------------------------------------------------------
MG ZS 1.5L CVT COM 7
----------------------------------------------------------------------------------------------------
MG ZS 1.5T CVT DLX 7
----------------------------------------------------------------------------------------------------
MG ZS 1.5T HEV COM 7
----------------------------------------------------------------------------------------------------
MG HS 1.5T MT COM 7
----------------------------------------------------------------------------------------------------
MG HS 1.5T DCT DLX 7
----------------------------------------------------------------------------------------------------
MG HS 1.5T DCT TROPHY 7
----------------------------------------------------------------------------------------------------
MG ONE 1.5T CVT COM E6B 7
----------------------------------------------------------------------------------------------------
MG ONE 1.5T CVT COM E6C 7
----------------------------------------------------------------------------------------------------
MG ONE 1.5T CVT DLX E6B 7
----------------------------------------------------------------------------------------------------
MG ONE 1.5T CVT DLX E6C 7
----------------------------------------------------------------------------------------------------
MG RX5 1.5T MT COM 7
----------------------------------------------------------------------------------------------------
MG RX5 1.5T DCT COM 7
----------------------------------------------------------------------------------------------------
MG RX5 1.5T DCT DLX 7
----------------------------------------------------------------------------------------------------
MG 3 HEV 1.5L HEV CVT COM 7
----------------------------------------------------------------------------------------------------
MG ZS HYBRID+ 1.5T HEV COM 7
----------------------------------------------------------------------------------------------------
MG 4 EV 51 kWh STD 7
----------------------------------------------------------------------------------------------------
MG 4 EV 64 kWh DLX 7
----------------------------------------------------------------------------------------------------
MG 4 EV 77 kWh DLX LR 7
----------------------------------------------------------------------------------------------------
MG 4 EV 64 kWh XPower AWD 7
----------------------------------------------------------------------------------------------------
MG RX9 2.0T AT COM 2WD 7
----------------------------------------------------------------------------------------------------
MG RX9 2.0T AT LUX 4WD 7
----------------------------------------------------------------------------------------------------
MG ZS EV DLX 72KHW 7
----------------------------------------------------------------------------------------------------
MG MARVEL R DLX 7
----------------------------------------------------------------------------------------------------
MG CYBERSTER 77 KHW 7
----------------------------------------------------------------------------------------------------
MG CYBERSTER 77 KWH AWD 7
----------------------------------------------------------------------------------------------------
8 lexus https://www.brunofritsch.cl/lexus
LEXUS LBX Urban 8
----------------------------------------------------------------------------------------------------
LEXUS LBX Active 8
----------------------------------------------------------------------------------------------------
LEXUS UX H 300H Premium 8
----------------------------------------------------------------------------------------------------
LEXUS UX H 300H Luxury AWD 8
----------------------------------------------------------------------------------------------------
LEXUS NX H 350h 4×2 Premium 8
----------------------------------------------------------------------------------------------------
LEXUS NX H 350h 4×4 Luxury 8
----------------------------------------------------------------------------------------------------
LEXUS NX H 450h+ AWD Premium 8
----------------------------------------------------------------------------------------------------
LEXUS NX H 350h 4×4 F-Sport 8
----------------------------------------------------------------------------------------------------
LEXUS IS 300H F Sport 8
----------------------------------------------------------------------------------------------------
LEXUS ES H 300h Luxury 8
----------------------------------------------------------------------------------------------------
LEXUS NX PHEV 450h+ AWD Premium 8
----------------------------------------------------------------------------------------------------
LEXUS RX H 350h 4×4 Premium 8
----------------------------------------------------------------------------------------------------
LEXUS RX H 350h 4×4 Luxury 8
----------------------------------------------------------------------------------------------------
LEXUS RX H 450h+ AWD Lux 8
----------------------------------------------------------------------------------------------------
LEXUS RX H 500h 4×4 F-Sport 8
----------------------------------------------------------------------------------------------------
LEXUS RZ RZ 450E 8
----------------------------------------------------------------------------------------------------
LEXUS RX PHEV 450h+ AWD Lux 8
----------------------------------------------------------------------------------------------------
LEXUS LX 500D 3.3 4x4 F-Sport 8
----------------------------------------------------------------------------------------------------
9 hyundai https://www.brunofritsch.cl/hyundai
HYUNDAI GRAND I10 HATCHBACK Ai3 1.0 MT Go FL 9
----------------------------------------------------------------------------------------------------
HYUNDAI GRAND I10 HATCHBACK Ai3 1.2 MT Go FL 9
----------------------------------------------------------------------------------------------------
HYUNDAI GRAND I10 HATCHBACK Ai3 1.2 MT Plus FL 9
----------------------------------------------------------------------------------------------------
HYUNDAI GRAND I10 HATCHBACK Ai3 1.2 MT Design FL 9
----------------------------------------------------------------------------------------------------
HYUNDAI GRAND I10 HATCHBACK Ai3 1.2 AT Plus FL 9
----------------------------------------------------------------------------------------------------
HYUNDAI GRAND I10 SEDÁN Ai3 Sedán 1.2 MT Plus FL 9
----------------------------------------------------------------------------------------------------
HYUNDAI GRAND I10 SEDÁN Ai3 Sedán 1.2 MT Design FL 9
----------------------------------------------------------------------------------------------------
HYUNDAI GRAND I10 SEDÁN Ai3 Sedán 1.2 AT Plus FL 9
----------------------------------------------------------------------------------------------------
HYUNDAI ACCENT BN7I 1.5 MT Black 9
----------------------------------------------------------------------------------------------------
HYUNDAI ACCENT BN7I 1.5 MT Plus 9
----------------------------------------------------------------------------------------------------
HYUNDAI ACCENT BN7I 1.5 AT Plus 9
----------------------------------------------------------------------------------------------------
HYUNDAI ACCENT BN7I 1.5 MT Design 9
----------------------------------------------------------------------------------------------------
HYUNDAI ACCENT BN7I 1.5 AT Design 9
----------------------------------------------------------------------------------------------------
HYUNDAI I20 BI3 1.4 MT Plus FL 9
----------------------------------------------------------------------------------------------------
HYUNDAI I20 BI3 1.4 AT Plus FL 9
----------------------------------------------------------------------------------------------------
HYUNDAI I20 BI3 1.0T AT Design FL 9
----------------------------------------------------------------------------------------------------
HYUNDAI VENUE QX 1.6 MT GO 9
----------------------------------------------------------------------------------------------------
HYUNDAI VENUE QX 1.6 MT Plus 9
----------------------------------------------------------------------------------------------------
HYUNDAI VENUE QX 1.6 AT Plus 9
----------------------------------------------------------------------------------------------------
HYUNDAI VENUE QX 1.6 AT Premium 9
----------------------------------------------------------------------------------------------------
HYUNDAI CRETA 1.5 MT Go 9
----------------------------------------------------------------------------------------------------
HYUNDAI CRETA 1.5 MT Plus 9
----------------------------------------------------------------------------------------------------
HYUNDAI CRETA 1.5 CVT Plus 9
----------------------------------------------------------------------------------------------------
HYUNDAI CRETA 1.5 MT Design 9
----------------------------------------------------------------------------------------------------
HYUNDAI CRETA 1.5 CVT Design 9
----------------------------------------------------------------------------------------------------
HYUNDAI CRETA 1.5 CVT Premium 9
----------------------------------------------------------------------------------------------------
HYUNDAI CRETA Su2id 1.5 MT Go FL 9
----------------------------------------------------------------------------------------------------
HYUNDAI CRETA Su2id 1.5 MT Plus FL 9
----------------------------------------------------------------------------------------------------
HYUNDAI CRETA Su2id 1.5 CVT Plus FL 9
----------------------------------------------------------------------------------------------------
HYUNDAI CRETA Su2id 1.5 CVT Design FL 9
----------------------------------------------------------------------------------------------------
HYUNDAI INSTER AX EV Plus 9
----------------------------------------------------------------------------------------------------
HYUNDAI INSTER AX EV Design LR 9
----------------------------------------------------------------------------------------------------
HYUNDAI CRETA GRAND SU2i 2.0 MT Go FL 9
----------------------------------------------------------------------------------------------------
HYUNDAI CRETA GRAND SU2i 2.0 AT Plus FL 9
----------------------------------------------------------------------------------------------------
HYUNDAI KONA SX2 2.0 CVT Plus 9
----------------------------------------------------------------------------------------------------
HYUNDAI KONA SX2 2.0 CVT DESIGN 9
----------------------------------------------------------------------------------------------------
HYUNDAI KONA SX2 1.6 AT HEV Plus 9
----------------------------------------------------------------------------------------------------
HYUNDAI KONA SX2 1.6 AT HEV Design 9
----------------------------------------------------------------------------------------------------
HYUNDAI TUCSON NX4 2.0 MT Go FL 9
----------------------------------------------------------------------------------------------------
HYUNDAI TUCSON NX4C 2.0 MT Go FL 9
----------------------------------------------------------------------------------------------------
HYUNDAI TUCSON NX4 2.0 AT Plus FL 9
----------------------------------------------------------------------------------------------------
HYUNDAI TUCSON NX4C 2.0 AT Plus FL 9
----------------------------------------------------------------------------------------------------
HYUNDAI TUCSON NX4C 2.0 AT Blackline FL 9
----------------------------------------------------------------------------------------------------
HYUNDAI TUCSON NX4C 1.5T AT 4WD Plus FL 9
----------------------------------------------------------------------------------------------------
HYUNDAI TUCSON NX4 1.6T HEV AT Plus FL 9
----------------------------------------------------------------------------------------------------
HYUNDAI TUCSON NX4 2.0 CRDi AT Plus FL 9
----------------------------------------------------------------------------------------------------
HYUNDAI TUCSON NX4 1.6T HEV Design FL 9
----------------------------------------------------------------------------------------------------
HYUNDAI TUCSON NX4 1.6T HEV 4WD Limited FL 9
----------------------------------------------------------------------------------------------------
HYUNDAI KONA HÍBRIDO SX2 1.6 AT HEV Plus 9
----------------------------------------------------------------------------------------------------
HYUNDAI KONA HÍBRIDO SX2 1.6 AT HEV Design 9
----------------------------------------------------------------------------------------------------
HYUNDAI PORTER CABINA SIMPLE 2.5 CRDi 6MT GLS Cargo 2AB AC E6C 9
----------------------------------------------------------------------------------------------------
HYUNDAI PORTER CABINA SIMPLE 2.5 CRDi 6MT GLS 2AB AC E6C 9
----------------------------------------------------------------------------------------------------
HYUNDAI KONA ELÉCTRICO OS EV Value 9
----------------------------------------------------------------------------------------------------
HYUNDAI KONA ELÉCTRICO OS EV Premium 9
----------------------------------------------------------------------------------------------------
HYUNDAI PORTER DOBLE CABINA 2.5 CRDi 6MT GL DC 2AB AC E6C 9
----------------------------------------------------------------------------------------------------
HYUNDAI TUCSON HÍBRIDO NX4 1.6T HEV AT Plus FL 9
----------------------------------------------------------------------------------------------------
HYUNDAI TUCSON HÍBRIDO NX4 1.6T HEV Design FL 9
----------------------------------------------------------------------------------------------------
HYUNDAI TUCSON HÍBRIDO NX4 1.6T HEV 4WD Limited FL 9
----------------------------------------------------------------------------------------------------
HYUNDAI STARIA FURGÓN US4 FG 2.2 CRDI MT DP 9
----------------------------------------------------------------------------------------------------
HYUNDAI SANTA FE MX5 2.5 AT Plus 9
----------------------------------------------------------------------------------------------------
HYUNDAI SANTA FE MX5 2.5 AT Design 9
----------------------------------------------------------------------------------------------------
HYUNDAI SANTA FE MX5 2.5 AT 4WD Design 9
----------------------------------------------------------------------------------------------------
HYUNDAI SANTA FE MX5 2.5 AT 4WD Premium 9
----------------------------------------------------------------------------------------------------
HYUNDAI SANTA FE MX5 1.6T HEV AT 4WD Premium 9
----------------------------------------------------------------------------------------------------
HYUNDAI SANTA FE MX5 2.5T AT 4WD Limited 9
----------------------------------------------------------------------------------------------------
HYUNDAI SANTA FE MX5 1.6T HEV AT 4WD Limited 9
----------------------------------------------------------------------------------------------------
HYUNDAI SANTA FE MX5 2.5T AT 4WD Calligraphy 9
----------------------------------------------------------------------------------------------------
HYUNDAI STARIA US4 MB CRDI MT 11P 9
----------------------------------------------------------------------------------------------------
HYUNDAI STARIA US4 MB CRDI AT 9P 9
----------------------------------------------------------------------------------------------------
HYUNDAI STARIA US4 MB 2.2 CRDI AT 4WD 7P LUX 9
----------------------------------------------------------------------------------------------------
HYUNDAI IONIQ 5 NE EV Premium 9
----------------------------------------------------------------------------------------------------
HYUNDAI IONIQ 5 NE EV Limited 9
----------------------------------------------------------------------------------------------------
HYUNDAI IONIQ 5 NE Limited AWD Package 9
----------------------------------------------------------------------------------------------------
HYUNDAI SANTA FE HÍBRIDO MX5 1.6T HEV AT 4WD Premium 9
----------------------------------------------------------------------------------------------------
HYUNDAI SANTA FE HÍBRIDO MX5 1.6T HEV AT 4WD Limited 9
----------------------------------------------------------------------------------------------------
HYUNDAI PALISADE HÍBRIDO